Der Buildvorgang wurde am 07.11.2010 00:36:00 gestartet.
     1>Projekt "C:\Users\Berni\dyndetours\ASMJit\Build\INSTALL.vcxproj" auf Knoten "2", build Ziel(e).
     1>InitializeBuildStatus:
         "INSTALL.dir\Debug\INSTALL.unsuccessfulbuild" wird erstellt, da "AlwaysCreate" angegeben wurde.
       CustomBuild:
         Building Custom Rule C:/Users/Berni/dyndetours/ASMJit/CMakeLists.txt
         CMake does not need to re-run because C:\Users\Berni\dyndetours\ASMJit\Build\CMakeFiles\generate.stamp is up-to-date.
       PostBuildEvent:
         "C:\Program Files (x86)\CMake 2.8\bin\cmake.exe" -DBUILD_TYPE=Debug\ -P cmake_install.cmake
         if errorlevel 1 goto VCReportError
         :VCEnd
         -- Install configuration: "Debug\"
         -- Installing: C:/Program Files (x86)/AsmJit/include/AsmJit/AsmJit.h
         -- Installing: C:/Program Files (x86)/AsmJit/include/AsmJit/Assembler.h
         -- Installing: C:/Program Files (x86)/AsmJit/include/AsmJit/AssemblerX86X64.h
         -- Installing: C:/Program Files (x86)/AsmJit/include/AsmJit/Build.h
         -- Installing: C:/Program Files (x86)/AsmJit/include/AsmJit/Compiler.h
         -- Installing: C:/Program Files (x86)/AsmJit/include/AsmJit/CompilerX86X64.h
         -- Installing: C:/Program Files (x86)/AsmJit/include/AsmJit/Config.h
         -- Installing: C:/Program Files (x86)/AsmJit/include/AsmJit/CpuInfo.h
         -- Installing: C:/Program Files (x86)/AsmJit/include/AsmJit/Defs.h
         -- Installing: C:/Program Files (x86)/AsmJit/include/AsmJit/DefsX86X64.h
         -- Installing: C:/Program Files (x86)/AsmJit/include/AsmJit/Lock.h
         -- Installing: C:/Program Files (x86)/AsmJit/include/AsmJit/Logger.h
         -- Installing: C:/Program Files (x86)/AsmJit/include/AsmJit/LoggerX86X64.h
         -- Installing: C:/Program Files (x86)/AsmJit/include/AsmJit/MemoryManager.h
         -- Installing: C:/Program Files (x86)/AsmJit/include/AsmJit/Serializer.h
         -- Installing: C:/Program Files (x86)/AsmJit/include/AsmJit/SerializerX86X64.h
         -- Installing: C:/Program Files (x86)/AsmJit/include/AsmJit/Util.h
         -- Installing: C:/Program Files (x86)/AsmJit/include/AsmJit/VirtualMemory.h
         -- Installing: C:/Program Files (x86)/AsmJit/include/AsmJit/WarningsPop.h
         -- Installing: C:/Program Files (x86)/AsmJit/include/AsmJit/WarningsPush.h
       FinalizeBuildStatus:
         Die Datei "INSTALL.dir\Debug\INSTALL.unsuccessfulbuild" wird gelöscht.
         Aktualisieren des Timestamps von "INSTALL.dir\Debug\INSTALL.lastbuildstate".
     1>Die Erstellung des Projekts "C:\Users\Berni\dyndetours\ASMJit\Build\INSTALL.vcxproj" ist abgeschlossen, build Ziel(e).

Das Erstellen war erfolgreich.

Verstrichene Zeit 00:00:00.43
