C:\USERS\BERNI\DYNDETOURS\ASMJIT\BUILD\ASMJIT.DIR\DEBUG\ASMJIT.DLL.EMBED.MANIFEST
C:\USERS\BERNI\DYNDETOURS\ASMJIT\BUILD\ASMJIT.DIR\DEBUG\ASMJIT.DLL.EMBED.MANIFEST.RES
C:\USERS\BERNI\DYNDETOURS\ASMJIT\BUILD\ASMJIT.DIR\DEBUG\ASMJIT.DLL.INTERMEDIATE.MANIFEST
C:\Users\Berni\dyndetours\ASMJit\Build\AsmJit.dir\Debug\AsmJit.write.1.tlog
C:\Users\Berni\dyndetours\ASMJit\Build\AsmJit.dir\Debug\AsmJit_manifest.rc
C:\USERS\BERNI\DYNDETOURS\ASMJIT\BUILD\ASMJIT.DIR\DEBUG\ASSEMBLERX86X64.OBJ
C:\Users\Berni\dyndetours\ASMJit\Build\AsmJit.dir\Debug\cl.command.1.tlog
C:\Users\Berni\dyndetours\ASMJit\Build\AsmJit.dir\Debug\CL.read.1.tlog
C:\Users\Berni\dyndetours\ASMJit\Build\AsmJit.dir\Debug\CL.write.1.tlog
C:\USERS\BERNI\DYNDETOURS\ASMJIT\BUILD\ASMJIT.DIR\DEBUG\COMPILERX86X64.OBJ
C:\USERS\BERNI\DYNDETOURS\ASMJIT\BUILD\ASMJIT.DIR\DEBUG\CPUINFO.OBJ
C:\Users\Berni\dyndetours\ASMJit\Build\AsmJit.dir\Debug\custombuild.command.1.tlog
C:\Users\Berni\dyndetours\ASMJit\Build\AsmJit.dir\Debug\custombuild.read.1.tlog
C:\Users\Berni\dyndetours\ASMJit\Build\AsmJit.dir\Debug\custombuild.write.1.tlog
C:\USERS\BERNI\DYNDETOURS\ASMJIT\BUILD\ASMJIT.DIR\DEBUG\DEFS.OBJ
C:\Users\Berni\dyndetours\ASMJit\Build\AsmJit.dir\Debug\link.4064.read.1.tlog
C:\Users\Berni\dyndetours\ASMJit\Build\AsmJit.dir\Debug\link.4064.write.1.tlog
C:\Users\Berni\dyndetours\ASMJit\Build\AsmJit.dir\Debug\link.4064-cvtres.read.1.tlog
C:\Users\Berni\dyndetours\ASMJit\Build\AsmJit.dir\Debug\link.4064-cvtres.write.1.tlog
C:\Users\Berni\dyndetours\ASMJit\Build\AsmJit.dir\Debug\link.6324.read.1.tlog
C:\Users\Berni\dyndetours\ASMJit\Build\AsmJit.dir\Debug\link.6324.write.1.tlog
C:\Users\Berni\dyndetours\ASMJit\Build\AsmJit.dir\Debug\link.6324-cvtres.read.1.tlog
C:\Users\Berni\dyndetours\ASMJit\Build\AsmJit.dir\Debug\link.6324-cvtres.write.1.tlog
C:\Users\Berni\dyndetours\ASMJit\Build\AsmJit.dir\Debug\link.command.1.tlog
C:\Users\Berni\dyndetours\ASMJit\Build\AsmJit.dir\Debug\link.read.1.tlog
C:\Users\Berni\dyndetours\ASMJit\Build\AsmJit.dir\Debug\link.write.1.tlog
C:\Users\Berni\dyndetours\ASMJit\Build\AsmJit.dir\Debug\link-cvtres.read.1.tlog
C:\Users\Berni\dyndetours\ASMJit\Build\AsmJit.dir\Debug\link-cvtres.write.1.tlog
C:\USERS\BERNI\DYNDETOURS\ASMJIT\BUILD\ASMJIT.DIR\DEBUG\LOCK.OBJ
C:\USERS\BERNI\DYNDETOURS\ASMJIT\BUILD\ASMJIT.DIR\DEBUG\LOGGER.OBJ
C:\USERS\BERNI\DYNDETOURS\ASMJIT\BUILD\ASMJIT.DIR\DEBUG\LOGGERX86X64.OBJ
C:\USERS\BERNI\DYNDETOURS\ASMJIT\BUILD\ASMJIT.DIR\DEBUG\LOGGERX86X64DUMP.OBJ
C:\USERS\BERNI\DYNDETOURS\ASMJIT\BUILD\ASMJIT.DIR\DEBUG\MEMORYMANAGER.OBJ
C:\Users\Berni\dyndetours\ASMJit\Build\AsmJit.dir\Debug\mt.command.1.tlog
C:\Users\Berni\dyndetours\ASMJit\Build\AsmJit.dir\Debug\mt.read.1.tlog
C:\Users\Berni\dyndetours\ASMJit\Build\AsmJit.dir\Debug\mt.write.1.tlog
C:\Users\Berni\dyndetours\ASMJit\Build\AsmJit.dir\Debug\rc.command.1.tlog
C:\Users\Berni\dyndetours\ASMJit\Build\AsmJit.dir\Debug\rc.read.1.tlog
C:\Users\Berni\dyndetours\ASMJit\Build\AsmJit.dir\Debug\rc.write.1.tlog
C:\USERS\BERNI\DYNDETOURS\ASMJIT\BUILD\ASMJIT.DIR\DEBUG\SERIALIZERX86X64.OBJ
C:\USERS\BERNI\DYNDETOURS\ASMJIT\BUILD\ASMJIT.DIR\DEBUG\UTIL.OBJ
C:\USERS\BERNI\DYNDETOURS\ASMJIT\BUILD\ASMJIT.DIR\DEBUG\VIRTUALMEMORY.OBJ
C:\USERS\BERNI\DYNDETOURS\ASMJIT\BUILD\CMAKEFILES\GENERATE.STAMP
C:\USERS\BERNI\DYNDETOURS\ASMJIT\BUILD\DEBUG\ASMJIT.DLL
C:\Users\Berni\dyndetours\ASMJit\Build\Debug\AsmJit.exp
C:\USERS\BERNI\DYNDETOURS\ASMJIT\BUILD\DEBUG\ASMJIT.ILK
C:\Users\Berni\dyndetours\ASMJit\Build\Debug\AsmJit.lib
C:\USERS\BERNI\DYNDETOURS\ASMJIT\BUILD\DEBUG\ASMJIT.PDB
Debug\AsmJit.ilk
Debug\AsmJit.pdb
