C:\USERS\BERNI\DYNDETOURS\ASMJIT\BUILD\ASMJIT.DIR\RELEASE\ASMJIT.DLL.INTERMEDIATE.MANIFEST
C:\Users\Berni\dyndetours\ASMJit\Build\AsmJit.dir\Release\AsmJit.write.1.tlog
C:\USERS\BERNI\DYNDETOURS\ASMJIT\BUILD\ASMJIT.DIR\RELEASE\ASSEMBLERX86X64.OBJ
C:\Users\Berni\dyndetours\ASMJit\Build\AsmJit.dir\Release\cl.command.1.tlog
C:\Users\Berni\dyndetours\ASMJit\Build\AsmJit.dir\Release\CL.read.1.tlog
C:\Users\Berni\dyndetours\ASMJit\Build\AsmJit.dir\Release\CL.write.1.tlog
C:\USERS\BERNI\DYNDETOURS\ASMJIT\BUILD\ASMJIT.DIR\RELEASE\COMPILERX86X64.OBJ
C:\USERS\BERNI\DYNDETOURS\ASMJIT\BUILD\ASMJIT.DIR\RELEASE\CPUINFO.OBJ
C:\Users\Berni\dyndetours\ASMJit\Build\AsmJit.dir\Release\custombuild.command.1.tlog
C:\Users\Berni\dyndetours\ASMJit\Build\AsmJit.dir\Release\custombuild.read.1.tlog
C:\Users\Berni\dyndetours\ASMJit\Build\AsmJit.dir\Release\custombuild.write.1.tlog
C:\USERS\BERNI\DYNDETOURS\ASMJIT\BUILD\ASMJIT.DIR\RELEASE\DEFS.OBJ
C:\Users\Berni\dyndetours\ASMJit\Build\AsmJit.dir\Release\link.command.1.tlog
C:\Users\Berni\dyndetours\ASMJit\Build\AsmJit.dir\Release\link.read.1.tlog
C:\Users\Berni\dyndetours\ASMJit\Build\AsmJit.dir\Release\link.write.1.tlog
C:\USERS\BERNI\DYNDETOURS\ASMJIT\BUILD\ASMJIT.DIR\RELEASE\LOCK.OBJ
C:\USERS\BERNI\DYNDETOURS\ASMJIT\BUILD\ASMJIT.DIR\RELEASE\LOGGER.OBJ
C:\USERS\BERNI\DYNDETOURS\ASMJIT\BUILD\ASMJIT.DIR\RELEASE\LOGGERX86X64.OBJ
C:\USERS\BERNI\DYNDETOURS\ASMJIT\BUILD\ASMJIT.DIR\RELEASE\LOGGERX86X64DUMP.OBJ
C:\USERS\BERNI\DYNDETOURS\ASMJIT\BUILD\ASMJIT.DIR\RELEASE\MEMORYMANAGER.OBJ
C:\Users\Berni\dyndetours\ASMJit\Build\AsmJit.dir\Release\mt.command.1.tlog
C:\Users\Berni\dyndetours\ASMJit\Build\AsmJit.dir\Release\mt.read.1.tlog
C:\Users\Berni\dyndetours\ASMJit\Build\AsmJit.dir\Release\mt.write.1.tlog
C:\USERS\BERNI\DYNDETOURS\ASMJIT\BUILD\ASMJIT.DIR\RELEASE\SERIALIZERX86X64.OBJ
C:\USERS\BERNI\DYNDETOURS\ASMJIT\BUILD\ASMJIT.DIR\RELEASE\UTIL.OBJ
C:\USERS\BERNI\DYNDETOURS\ASMJIT\BUILD\ASMJIT.DIR\RELEASE\VIRTUALMEMORY.OBJ
C:\USERS\BERNI\DYNDETOURS\ASMJIT\BUILD\CMAKEFILES\GENERATE.STAMP
C:\USERS\BERNI\DYNDETOURS\ASMJIT\BUILD\RELEASE\ASMJIT.DLL
C:\USERS\BERNI\DYNDETOURS\ASMJIT\BUILD\RELEASE\ASMJIT.PDB
Release\AsmJit.pdb
